{"F:\\github\\js-test\\src\\async.js":{"path":"F:\\github\\js-test\\src\\async.js","s":{"1":1,"2":1,"3":1,"4":1,"5":1,"6":0,"7":1,"8":1},"b":{"1":[1,0]},"f":{"1":1,"2":1},"fnMap":{"1":{"name":"linesCount","line":6,"loc":{"start":{"line":6,"column":0},"end":{"line":6,"column":49}}},"2":{"name":"(anonymous_2)","line":7,"loc":{"start":{"line":7,"column":20},"end":{"line":7,"column":41}}}},"statementMap":{"1":{"start":{"line":4,"column":0},"end":{"line":4,"column":22}},"2":{"start":{"line":6,"column":0},"end":{"line":15,"column":1}},"3":{"start":{"line":7,"column":2},"end":{"line":13,"column":3}},"4":{"start":{"line":8,"column":4},"end":{"line":12,"column":5}},"5":{"start":{"line":9,"column":6},"end":{"line":9,"column":48}},"6":{"start":{"line":11,"column":6},"end":{"line":11,"column":50}},"7":{"start":{"line":14,"column":2},"end":{"line":14,"column":36}},"8":{"start":{"line":17,"column":0},"end":{"line":17,"column":27}}},"branchMap":{"1":{"line":8,"type":"if","locations":[{"start":{"line":8,"column":4},"end":{"line":8,"column":4}},{"start":{"line":8,"column":4},"end":{"line":8,"column":4}}]}}},"F:\\github\\js-test\\src\\palindrome.js":{"path":"F:\\github\\js-test\\src\\palindrome.js","s":{"1":1,"2":8,"3":1,"4":7,"5":3,"6":4,"7":4,"8":3,"9":1,"10":3,"11":1},"b":{"1":[1,7],"2":[3,4],"3":[1,2]},"f":{"1":8},"fnMap":{"1":{"name":"isPalindrome","line":5,"loc":{"start":{"line":5,"column":0},"end":{"line":5,"column":28}}}},"statementMap":{"1":{"start":{"line":5,"column":0},"end":{"line":25,"column":1}},"2":{"start":{"line":7,"column":2},"end":{"line":9,"column":3}},"3":{"start":{"line":8,"column":4},"end":{"line":8,"column":39}},"4":{"start":{"line":11,"column":2},"end":{"line":13,"column":3}},"5":{"start":{"line":12,"column":4},"end":{"line":12,"column":16}},"6":{"start":{"line":17,"column":2},"end":{"line":17,"column":31}},"7":{"start":{"line":18,"column":2},"end":{"line":22,"column":3}},"8":{"start":{"line":19,"column":4},"end":{"line":21,"column":5}},"9":{"start":{"line":20,"column":6},"end":{"line":20,"column":18}},"10":{"start":{"line":24,"column":2},"end":{"line":24,"column":13}},"11":{"start":{"line":27,"column":0},"end":{"line":27,"column":29}}},"branchMap":{"1":{"line":7,"type":"if","locations":[{"start":{"line":7,"column":2},"end":{"line":7,"column":2}},{"start":{"line":7,"column":2},"end":{"line":7,"column":2}}]},"2":{"line":11,"type":"if","locations":[{"start":{"line":11,"column":2},"end":{"line":11,"column":2}},{"start":{"line":11,"column":2},"end":{"line":11,"column":2}}]},"3":{"line":19,"type":"if","locations":[{"start":{"line":19,"column":4},"end":{"line":19,"column":4}},{"start":{"line":19,"column":4},"end":{"line":19,"column":4}}]}}},"F:\\github\\js-test\\src\\utils.js":{"path":"F:\\github\\js-test\\src\\utils.js","s":{"1":1,"2":2,"3":2,"4":1},"b":{},"f":{"1":2,"2":2},"fnMap":{"1":{"name":"Util","line":5,"loc":{"start":{"line":5,"column":0},"end":{"line":5,"column":16}}},"2":{"name":"(anonymous_2)","line":6,"loc":{"start":{"line":6,"column":13},"end":{"line":6,"column":35}}}},"statementMap":{"1":{"start":{"line":5,"column":0},"end":{"line":9,"column":1}},"2":{"start":{"line":6,"column":2},"end":{"line":8,"column":3}},"3":{"start":{"line":7,"column":4},"end":{"line":7,"column":37}},"4":{"start":{"line":11,"column":0},"end":{"line":11,"column":21}}},"branchMap":{}}}