{"G:\\learning\\github\\js-test\\src\\nodeapp\\stock.js":{"path":"G:\\learning\\github\\js-test\\src\\nodeapp\\stock.js","s":{"1":1,"2":1,"3":1,"4":27,"5":27,"6":5,"7":5,"8":5,"9":2,"10":3,"11":3,"12":1,"13":2,"14":5,"15":27,"16":5,"17":16,"18":5,"19":27,"20":3,"21":3,"22":3,"23":11,"24":27,"25":27,"26":27,"27":27,"28":8,"29":8,"30":27,"31":8,"32":8,"33":7,"34":7,"35":9,"36":7,"37":6,"38":1,"39":27,"40":2,"41":2,"42":27,"43":7,"44":7,"45":7,"46":27,"47":1,"48":27,"49":10,"50":3,"51":27,"52":5,"53":9,"54":5,"55":27,"56":27,"57":2,"58":2,"59":1},"b":{"1":[2,3],"2":[1,2],"3":[16,11],"4":[7,1],"5":[3,7]},"f":{"1":27,"2":5,"3":5,"4":5,"5":16,"6":3,"7":11,"8":8,"9":8,"10":9,"11":6,"12":2,"13":7,"14":1,"15":10,"16":5,"17":9,"18":1,"19":2},"fnMap":{"1":{"name":"(anonymous_1)","line":7,"loc":{"start":{"line":7,"column":17},"end":{"line":7,"column":29}}},"2":{"name":"(anonymous_2)","line":9,"loc":{"start":{"line":9,"column":25},"end":{"line":9,"column":54}}},"3":{"name":"(anonymous_3)","line":11,"loc":{"start":{"line":11,"column":26},"end":{"line":11,"column":47}}},"4":{"name":"(anonymous_4)","line":26,"loc":{"start":{"line":26,"column":22},"end":{"line":26,"column":41}}},"5":{"name":"(anonymous_5)","line":27,"loc":{"start":{"line":27,"column":26},"end":{"line":27,"column":41}}},"6":{"name":"(anonymous_6)","line":35,"loc":{"start":{"line":35,"column":24},"end":{"line":35,"column":43}}},"7":{"name":"(anonymous_7)","line":38,"loc":{"start":{"line":38,"column":20},"end":{"line":38,"column":38}}},"8":{"name":"(anonymous_8)","line":74,"loc":{"start":{"line":74,"column":18},"end":{"line":74,"column":36}}},"9":{"name":"(anonymous_9)","line":79,"loc":{"start":{"line":79,"column":25},"end":{"line":79,"column":53}}},"10":{"name":"(anonymous_10)","line":83,"loc":{"start":{"line":83,"column":26},"end":{"line":83,"column":43}}},"11":{"name":"(anonymous_11)","line":86,"loc":{"start":{"line":86,"column":25},"end":{"line":86,"column":37}}},"12":{"name":"(anonymous_12)","line":94,"loc":{"start":{"line":94,"column":22},"end":{"line":94,"column":48}}},"13":{"name":"(anonymous_13)","line":98,"loc":{"start":{"line":98,"column":20},"end":{"line":98,"column":44}}},"14":{"name":"(anonymous_14)","line":103,"loc":{"start":{"line":103,"column":26},"end":{"line":103,"column":51}}},"15":{"name":"(anonymous_15)","line":106,"loc":{"start":{"line":106,"column":21},"end":{"line":106,"column":33}}},"16":{"name":"(anonymous_16)","line":111,"loc":{"start":{"line":111,"column":18},"end":{"line":111,"column":40}}},"17":{"name":"(anonymous_17)","line":112,"loc":{"start":{"line":112,"column":18},"end":{"line":112,"column":33}}},"18":{"name":"(anonymous_18)","line":117,"loc":{"start":{"line":117,"column":24},"end":{"line":117,"column":36}}},"19":{"name":"(anonymous_19)","line":120,"loc":{"start":{"line":120,"column":28},"end":{"line":120,"column":67}}}},"statementMap":{"1":{"start":{"line":4,"column":0},"end":{"line":4,"column":22}},"2":{"start":{"line":5,"column":0},"end":{"line":5,"column":26}},"3":{"start":{"line":7,"column":0},"end":{"line":124,"column":1}},"4":{"start":{"line":8,"column":2},"end":{"line":8,"column":23}},"5":{"start":{"line":9,"column":2},"end":{"line":25,"column":3}},"6":{"start":{"line":10,"column":4},"end":{"line":10,"column":19}},"7":{"start":{"line":11,"column":4},"end":{"line":22,"column":5}},"8":{"start":{"line":12,"column":6},"end":{"line":21,"column":7}},"9":{"start":{"line":13,"column":8},"end":{"line":13,"column":50}},"10":{"start":{"line":15,"column":8},"end":{"line":15,"column":44}},"11":{"start":{"line":16,"column":8},"end":{"line":20,"column":9}},"12":{"start":{"line":17,"column":10},"end":{"line":17,"column":62}},"13":{"start":{"line":19,"column":10},"end":{"line":19,"column":37}},"14":{"start":{"line":24,"column":4},"end":{"line":24,"column":42}},"15":{"start":{"line":26,"column":2},"end":{"line":33,"column":3}},"16":{"start":{"line":27,"column":4},"end":{"line":29,"column":5}},"17":{"start":{"line":28,"column":6},"end":{"line":28,"column":60}},"18":{"start":{"line":32,"column":4},"end":{"line":32,"column":72}},"19":{"start":{"line":35,"column":2},"end":{"line":41,"column":3}},"20":{"start":{"line":36,"column":4},"end":{"line":36,"column":19}},"21":{"start":{"line":37,"column":4},"end":{"line":37,"column":38}},"22":{"start":{"line":38,"column":4},"end":{"line":40,"column":6}},"23":{"start":{"line":39,"column":6},"end":{"line":39,"column":27}},"24":{"start":{"line":71,"column":2},"end":{"line":71,"column":18}},"25":{"start":{"line":72,"column":2},"end":{"line":72,"column":18}},"26":{"start":{"line":73,"column":2},"end":{"line":73,"column":18}},"27":{"start":{"line":74,"column":2},"end":{"line":78,"column":3}},"28":{"start":{"line":75,"column":4},"end":{"line":75,"column":46}},"29":{"start":{"line":76,"column":4},"end":{"line":77,"column":56}},"30":{"start":{"line":79,"column":2},"end":{"line":93,"column":3}},"31":{"start":{"line":80,"column":4},"end":{"line":80,"column":19}},"32":{"start":{"line":81,"column":4},"end":{"line":92,"column":5}},"33":{"start":{"line":82,"column":6},"end":{"line":82,"column":19}},"34":{"start":{"line":83,"column":6},"end":{"line":85,"column":8}},"35":{"start":{"line":84,"column":8},"end":{"line":84,"column":21}},"36":{"start":{"line":86,"column":6},"end":{"line":88,"column":8}},"37":{"start":{"line":87,"column":8},"end":{"line":87,"column":37}},"38":{"start":{"line":91,"column":6},"end":{"line":91,"column":52}},"39":{"start":{"line":94,"column":2},"end":{"line":97,"column":3}},"40":{"start":{"line":95,"column":4},"end":{"line":95,"column":32}},"41":{"start":{"line":96,"column":4},"end":{"line":96,"column":22}},"42":{"start":{"line":98,"column":2},"end":{"line":102,"column":3}},"43":{"start":{"line":99,"column":4},"end":{"line":99,"column":52}},"44":{"start":{"line":100,"column":4},"end":{"line":100,"column":31}},"45":{"start":{"line":101,"column":4},"end":{"line":101,"column":22}},"46":{"start":{"line":103,"column":2},"end":{"line":105,"column":3}},"47":{"start":{"line":104,"column":4},"end":{"line":104,"column":41}},"48":{"start":{"line":106,"column":2},"end":{"line":110,"column":3}},"49":{"start":{"line":107,"column":4},"end":{"line":109,"column":5}},"50":{"start":{"line":108,"column":6},"end":{"line":108,"column":81}},"51":{"start":{"line":111,"column":2},"end":{"line":116,"column":3}},"52":{"start":{"line":112,"column":4},"end":{"line":114,"column":5}},"53":{"start":{"line":113,"column":6},"end":{"line":113,"column":35}},"54":{"start":{"line":115,"column":4},"end":{"line":115,"column":54}},"55":{"start":{"line":117,"column":2},"end":{"line":119,"column":3}},"56":{"start":{"line":120,"column":2},"end":{"line":123,"column":4}},"57":{"start":{"line":121,"column":4},"end":{"line":121,"column":36}},"58":{"start":{"line":122,"column":4},"end":{"line":122,"column":44}},"59":{"start":{"line":126,"column":0},"end":{"line":126,"column":27}}},"branchMap":{"1":{"line":12,"type":"if","locations":[{"start":{"line":12,"column":6},"end":{"line":12,"column":6}},{"start":{"line":12,"column":6},"end":{"line":12,"column":6}}]},"2":{"line":16,"type":"if","locations":[{"start":{"line":16,"column":8},"end":{"line":16,"column":8}},{"start":{"line":16,"column":8},"end":{"line":16,"column":8}}]},"3":{"line":28,"type":"binary-expr","locations":[{"start":{"line":28,"column":13},"end":{"line":28,"column":36}},{"start":{"line":28,"column":40},"end":{"line":28,"column":60}}]},"4":{"line":81,"type":"if","locations":[{"start":{"line":81,"column":4},"end":{"line":81,"column":4}},{"start":{"line":81,"column":4},"end":{"line":81,"column":4}}]},"5":{"line":107,"type":"if","locations":[{"start":{"line":107,"column":4},"end":{"line":107,"column":4}},{"start":{"line":107,"column":4},"end":{"line":107,"column":4}}]}}}}