TN:
SF:G:\learning\github\js-test\src\nodeapp\stock.js
FN:7,(anonymous_1)
FN:9,(anonymous_2)
FN:11,(anonymous_3)
FN:26,(anonymous_4)
FN:27,(anonymous_5)
FN:35,(anonymous_6)
FN:38,(anonymous_7)
FN:74,(anonymous_8)
FN:79,(anonymous_9)
FN:83,(anonymous_10)
FN:86,(anonymous_11)
FN:94,(anonymous_12)
FN:98,(anonymous_13)
FN:103,(anonymous_14)
FN:106,(anonymous_15)
FN:111,(anonymous_16)
FN:112,(anonymous_17)
FN:117,(anonymous_18)
FN:120,(anonymous_19)
FNF:19
FNH:19
FNDA:27,(anonymous_1)
FNDA:5,(anonymous_2)
FNDA:5,(anonymous_3)
FNDA:5,(anonymous_4)
FNDA:16,(anonymous_5)
FNDA:3,(anonymous_6)
FNDA:11,(anonymous_7)
FNDA:8,(anonymous_8)
FNDA:8,(anonymous_9)
FNDA:9,(anonymous_10)
FNDA:6,(anonymous_11)
FNDA:2,(anonymous_12)
FNDA:7,(anonymous_13)
FNDA:1,(anonymous_14)
FNDA:10,(anonymous_15)
FNDA:5,(anonymous_16)
FNDA:9,(anonymous_17)
FNDA:1,(anonymous_18)
FNDA:2,(anonymous_19)
DA:4,1
DA:5,1
DA:7,1
DA:8,27
DA:9,27
DA:10,5
DA:11,5
DA:12,5
DA:13,2
DA:15,3
DA:16,3
DA:17,1
DA:19,2
DA:24,5
DA:26,27
DA:27,5
DA:28,16
DA:32,5
DA:35,27
DA:36,3
DA:37,3
DA:38,3
DA:39,11
DA:71,27
DA:72,27
DA:73,27
DA:74,27
DA:75,8
DA:76,8
DA:79,27
DA:80,8
DA:81,8
DA:82,7
DA:83,7
DA:84,9
DA:86,7
DA:87,6
DA:91,1
DA:94,27
DA:95,2
DA:96,2
DA:98,27
DA:99,7
DA:100,7
DA:101,7
DA:103,27
DA:104,1
DA:106,27
DA:107,10
DA:108,3
DA:111,27
DA:112,5
DA:113,9
DA:115,5
DA:117,27
DA:120,27
DA:121,2
DA:122,2
DA:126,1
LF:59
LH:59
BRDA:12,1,0,2
BRDA:12,1,1,3
BRDA:16,2,0,1
BRDA:16,2,1,2
BRDA:28,3,0,16
BRDA:28,3,1,11
BRDA:81,4,0,7
BRDA:81,4,1,1
BRDA:107,5,0,3
BRDA:107,5,1,7
BRF:10
BRH:10
end_of_record
