TN:
SF:F:\github\js-test\src\async.js
FN:6,linesCount
FN:7,(anonymous_2)
FNF:2
FNH:2
FNDA:1,linesCount
FNDA:1,(anonymous_2)
DA:4,1
DA:6,1
DA:7,1
DA:8,1
DA:9,1
DA:11,0
DA:14,1
DA:17,1
LF:8
LH:7
BRDA:8,1,0,1
BRDA:8,1,1,0
BRF:2
BRH:1
end_of_record
TN:
SF:F:\github\js-test\src\palindrome.js
FN:5,isPalindrome
FNF:1
FNH:1
FNDA:8,isPalindrome
DA:5,1
DA:7,8
DA:8,1
DA:11,7
DA:12,3
DA:17,4
DA:18,4
DA:19,3
DA:20,1
DA:24,3
DA:27,1
LF:11
LH:11
BRDA:7,1,0,1
BRDA:7,1,1,7
BRDA:11,2,0,3
BRDA:11,2,1,4
BRDA:19,3,0,1
BRDA:19,3,1,2
BRF:6
BRH:6
end_of_record
TN:
SF:F:\github\js-test\src\utils.js
FN:5,Util
FN:6,(anonymous_2)
FNF:2
FNH:2
FNDA:2,Util
FNDA:2,(anonymous_2)
DA:5,1
DA:6,2
DA:7,2
DA:11,1
LF:4
LH:4
BRF:0
BRH:0
end_of_record
